0 info it worked if it ends with ok
1 verbose cli [ '/usr/local/bin/node',
1 verbose cli   '/usr/local/bin/npm',
1 verbose cli   'i',
1 verbose cli   'create-react-class',
1 verbose cli   'v15.*' ]
2 info using npm@3.10.10
3 info using node@v6.10.0
4 silly loadCurrentTree Starting
5 silly install loadCurrentTree
6 silly install readLocalPackageData
7 silly fetchPackageMetaData create-react-class
8 silly fetchPackageMetaData v15.*
9 silly fetchNamedPackageData create-react-class
10 silly mapToRegistry name create-react-class
11 silly mapToRegistry using default registry
12 silly mapToRegistry registry https://registry.npmjs.org/
13 silly mapToRegistry data Result {
13 silly mapToRegistry   raw: 'create-react-class',
13 silly mapToRegistry   scope: null,
13 silly mapToRegistry   escapedName: 'create-react-class',
13 silly mapToRegistry   name: 'create-react-class',
13 silly mapToRegistry   rawSpec: '',
13 silly mapToRegistry   spec: 'latest',
13 silly mapToRegistry   type: 'tag' }
14 silly mapToRegistry uri https://registry.npmjs.org/create-react-class
15 silly fetchOtherPackageData v15.*
16 silly cache add args [ 'v15.*', null ]
17 verbose cache add spec v15.*
18 silly cache add parsed spec Result {
18 silly cache add   raw: 'v15.*',
18 silly cache add   scope: null,
18 silly cache add   escapedName: null,
18 silly cache add   name: null,
18 silly cache add   rawSpec: 'v15.*',
18 silly cache add   spec: '/Users/sridharramdoss/Downloads/01_Tukira/Admin_Rubix_Template/rubix/redux/redux-todolist/mongodb/bin/v15.*',
18 silly cache add   type: 'local' }
19 error addLocal Could not install /Users/sridharramdoss/Downloads/01_Tukira/Admin_Rubix_Template/rubix/redux/redux-todolist/mongodb/bin/v15.*
20 silly fetchPackageMetaData Error: ENOENT: no such file or directory, open '/Users/sridharramdoss/Downloads/01_Tukira/Admin_Rubix_Template/rubix/redux/redux-todolist/mongodb/bin/v15.*'
20 silly fetchPackageMetaData     at Error (native)
20 silly fetchPackageMetaData  error for v15.* { Error: ENOENT: no such file or directory, open '/Users/sridharramdoss/Downloads/01_Tukira/Admin_Rubix_Template/rubix/redux/redux-todolist/mongodb/bin/v15.*'
20 silly fetchPackageMetaData     at Error (native)
20 silly fetchPackageMetaData   errno: -2,
20 silly fetchPackageMetaData   code: 'ENOENT',
20 silly fetchPackageMetaData   syscall: 'open',
20 silly fetchPackageMetaData   path: '/Users/sridharramdoss/Downloads/01_Tukira/Admin_Rubix_Template/rubix/redux/redux-todolist/mongodb/bin/v15.*' }
21 verbose request uri https://registry.npmjs.org/create-react-class
22 verbose request no auth needed
23 info attempt registry request try #1 at 6:36:50 PM
24 verbose request id 831227041d937c2f
25 verbose etag W/"594b1a8b-6457"
26 verbose lastModified Thu, 22 Jun 2017 01:16:59 GMT
27 http request GET https://registry.npmjs.org/create-react-class
28 http 304 https://registry.npmjs.org/create-react-class
29 verbose headers { date: 'Sat, 24 Jun 2017 13:06:51 GMT',
29 verbose headers   via: '1.1 varnish',
29 verbose headers   'cache-control': 'max-age=300',
29 verbose headers   etag: 'W/"594b1a8b-6457"',
29 verbose headers   age: '271',
29 verbose headers   connection: 'keep-alive',
29 verbose headers   'x-served-by': 'cache-lhr6322-LHR',
29 verbose headers   'x-cache': 'HIT',
29 verbose headers   'x-cache-hits': '1',
29 verbose headers   'x-timer': 'S1498309611.309426,VS0,VE0',
29 verbose headers   vary: 'Accept-Encoding' }
30 silly get cb [ 304,
30 silly get   { date: 'Sat, 24 Jun 2017 13:06:51 GMT',
30 silly get     via: '1.1 varnish',
30 silly get     'cache-control': 'max-age=300',
30 silly get     etag: 'W/"594b1a8b-6457"',
30 silly get     age: '271',
30 silly get     connection: 'keep-alive',
30 silly get     'x-served-by': 'cache-lhr6322-LHR',
30 silly get     'x-cache': 'HIT',
30 silly get     'x-cache-hits': '1',
30 silly get     'x-timer': 'S1498309611.309426,VS0,VE0',
30 silly get     vary: 'Accept-Encoding' } ]
31 verbose etag https://registry.npmjs.org/create-react-class from cache
32 verbose get saving create-react-class to /Users/sridharramdoss/.npm/registry.npmjs.org/create-react-class/.cache.json
33 verbose correctMkdir /Users/sridharramdoss/.npm correctMkdir not in flight; initializing
34 silly rollbackFailedOptional Starting
35 silly rollbackFailedOptional Finishing
36 silly runTopLevelLifecycles Finishing
37 silly install printInstalled
38 verbose stack Error: ENOENT: no such file or directory, open '/Users/sridharramdoss/Downloads/01_Tukira/Admin_Rubix_Template/rubix/redux/redux-todolist/mongodb/bin/v15.*'
38 verbose stack     at Error (native)
39 verbose cwd /Users/sridharramdoss/Downloads/01_Tukira/Admin_Rubix_Template/rubix/redux/redux-todolist/mongodb/bin
40 error Darwin 16.6.0
41 error argv "/usr/local/bin/node" "/usr/local/bin/npm" "i" "create-react-class" "v15.*"
42 error node v6.10.0
43 error npm  v3.10.10
44 error path /Users/sridharramdoss/Downloads/01_Tukira/Admin_Rubix_Template/rubix/redux/redux-todolist/mongodb/bin/v15.*
45 error code ENOENT
46 error errno -2
47 error syscall open
48 error enoent ENOENT: no such file or directory, open '/Users/sridharramdoss/Downloads/01_Tukira/Admin_Rubix_Template/rubix/redux/redux-todolist/mongodb/bin/v15.*'
49 error enoent ENOENT: no such file or directory, open '/Users/sridharramdoss/Downloads/01_Tukira/Admin_Rubix_Template/rubix/redux/redux-todolist/mongodb/bin/v15.*'
49 error enoent This is most likely not a problem with npm itself
49 error enoent and is related to npm not being able to find a file.
50 verbose exit [ -2, true ]
